2020-07-11 18:21:49,250,250 iqoptionapi.ws.client DEBUG Websocket client connected.
2020-07-11 18:21:49,265,265 iqoptionapi.api DEBUG POST: https://auth.iqoption.com/api/v2/login headers: {'User-Agent': 'Mozilla/5.0 (X11; Linux x86_64; rv:70.0 Gecko/20100101 Firefox/70.0', 'Accept-Encoding': 'gzip, deflate', 'Accept': '*/*', 'Connection': 'keep-alive'} cookies: {'Plutus': 'GOOD'}
2020-07-11 18:21:49,265,265 urllib3.connectionpool DEBUG Starting new HTTPS connection (1): auth.iqoption.com:443
2020-07-11 18:21:49,922,922 iqoptionapi.ws.client DEBUG {"name":"timeSync","msg":1594462910142}
2020-07-11 18:21:49,922,922 iqoptionapi.ws.client DEBUG {"name":"heartbeat","msg":1594462910142}
2020-07-11 18:21:50,515,515 urllib3.connectionpool DEBUG https://auth.iqoption.com:443 "POST /api/v2/login HTTP/1.1" 200 60
2020-07-11 18:21:50,515,515 iqoptionapi.api DEBUG <Response [200]>
2020-07-11 18:21:50,515,515 iqoptionapi.api DEBUG {"code":"success","ssid":"db627bb78414bffb4741d12620bf0e65"}
2020-07-11 18:21:50,515,515 iqoptionapi.api DEBUG {'Server': 'nginx', 'Date': 'Sat, 11 Jul 2020 10:21:50 GMT', 'Content-Type': 'application/json; charset=utf-8', 'Content-Length': '60', 'Connection': 'keep-alive', 'Set-Cookie': 'ssid=db627bb78414bffb4741d12620bf0e65; Path=/; Domain=iqoption.com; Max-Age=2592000; Secure; SameSite=None', 'Vary': 'Origin', 'X-Tracing-Key': '4620d0c6-430f-48e0-9df8-2911c5df1c60', 'Strict-Transport-Security': 'max-age=15555600', 'X-Content-Type-Options': 'nosniff'}
2020-07-11 18:21:50,515,515 iqoptionapi.api DEBUG <RequestsCookieJar[<Cookie ssid=db627bb78414bffb4741d12620bf0e65 for .iqoption.com/>]>
2020-07-11 18:21:50,515,515 iqoptionapi.api DEBUG {"name": "ssid", "msg": "db627bb78414bffb4741d12620bf0e65", "request_id": 5156028}
2020-07-11 18:21:50,859,859 iqoptionapi.ws.client DEBUG {"name":"profile","msg":{"account_status":"NONE","address":"Roxas Ave, Diliman, Quezon City, Metro Manila","auth_two_factor":null,"avatar":"","balance":0.0,"balance_id":359423712,"balance_type":1,"balances":[{"id":359423712,"user_id":73193083,"type":1,"amount":0,"enrolled_amount":0,"enrolled_sum_amount":0,"hold_amount":0,"orders_amount":0,"auth_amount":0,"equivalent":0,"currency":"USD","tournament_id":null,"tournament_name":null,"is_fiat":true,"is_marginal":false,"has_deposits":false},{"id":359423713,"user_id":73193083,"type":4,"amount":10000,"enrolled_amount":10000,"enrolled_sum_amount":10000,"hold_amount":0,"orders_amount":0,"auth_amount":0,"equivalent":0,"currency":"USD","tournament_id":null,"tournament_name":null,"is_fiat":true,"is_marginal":false,"has_deposits":false},{"id":359423714,"user_id":73193083,"type":5,"amount":0,"enrolled_amount":0,"enrolled_sum_amount":0,"hold_amount":0,"orders_amount":0,"auth_amount":0,"equivalent":0,"currency":"BTC","tournament_id":null,"tournament_name":null,"is_fiat":false,"is_marginal":false,"has_deposits":false},{"id":359423715,"user_id":73193083,"type":5,"amount":0,"enrolled_amount":0,"enrolled_sum_amount":0,"hold_amount":0,"orders_amount":0,"auth_amount":0,"equivalent":0,"currency":"ETH","tournament_id":null,"tournament_name":null,"is_fiat":false,"is_marginal":false,"has_deposits":false}],"birthdate":991886400,"bonus_total_wager":0,"bonus_wager":0,"cashback_level_info":{"enabled":false},"city":"Quezon","client_category_id":1,"confirmation_required":0,"confirmed_phones":["63 *****36284"],"country_id":157,"created":1593926317,"currency":"USD","currency_char":"$","currency_id":5,"demo":0,"deposit_count":0,"deposit_in_one_click":false,"email":"earnmoneyonline.a01@gmail.com","finance_state":"","first_name":"Maggie","flag":"PH","forget_status":{"status":"none","created":null,"expires":null},"functions":[],"gender":"female","group_id":191,"id":73193083,"infeed":1,"is_activated":true,"is_islamic":false,"is_vip_group":false,"kyc":{"status":1,"isPhoneFilled":false,"isPhoneNeeded":false,"isProfileFilled":false,"isProfileNeeded":false,"isRegulatedUser":false,"daysLeftToVerify":-1,"isPhoneConfirmed":false,"isDocumentsNeeded":false,"isDocumentsApproved":false,"isDocumentsDeclined":false,"isDocumentsUploaded":false,"isDocumentPoaUploaded":false,"isDocumentPoiUploaded":false,"isDocumentsUploadSkipped":false,"isPhoneConfirmationSkipped":false},"kyc_confirmed":false,"last_name":"Debora","last_visit":false,"locale":"en_US","mask":"$%s","messages":0,"money":{"deposit":{"min":0,"max":0},"withdraw":{"min":0,"max":0}},"name":"Maggie Debora","nationality":"Philippines","need_phone_confirmation":false,"new_email":"","nickname":"Carter Mitchell","personal_data_policy":{"is_call_accepted":{"status":true},"is_push_accepted":{"status":true},"is_email_accepted":{"status":true},"is_agreement_accepted":{"status":true},"is_thirdparty_accepted":{"status":true}},"phone":"63 *****36284","popup":[],"postal_index":"1101","public":0,"rate_in_one_click":false,"site_id":1,"skey":"5d67c5cce05fb0317cff7ed07e8483c5","socials":{},"ssid":false,"tc":true,"timediff":-3600,"tin":"","tournaments_ids":null,"trade_restricted":false,"trial":false,"tz":"Europe/Malta","tz_offset":120,"user_circle":null,"user_group":"ACO_Default","user_id":73193083,"welcome_splash":0},"request_id":""}
2020-07-11 18:21:50,874,874 iqoptionapi.ws.client DEBUG {"name":"front","msg":"ws04b"}
2020-07-11 18:21:50,937,937 iqoptionapi.ws.client DEBUG {"name":"timeSync","msg":1594462911157}
2020-07-11 18:21:51,078,78 iqoptionapi.api DEBUG {"name": "subscribeMessage", "msg": {"name": "portfolio.position-changed", "version": "2.0", "params": {"routingFilters": {"instrument_type": "cfd", "user_balance_id": 359423713}}}, "request_id": ""}
2020-07-11 18:21:51,078,78 iqoptionapi.api DEBUG {"name": "subscribeMessage", "msg": {"name": "portfolio.position-changed", "version": "2.0", "params": {"routingFilters": {"instrument_type": "forex", "user_balance_id": 359423713}}}, "request_id": ""}
2020-07-11 18:21:51,078,78 iqoptionapi.api DEBUG {"name": "subscribeMessage", "msg": {"name": "portfolio.position-changed", "version": "2.0", "params": {"routingFilters": {"instrument_type": "crypto", "user_balance_id": 359423713}}}, "request_id": ""}
2020-07-11 18:21:51,078,78 iqoptionapi.api DEBUG {"name": "subscribeMessage", "msg": {"name": "portfolio.position-changed", "version": "2.0", "params": {"routingFilters": {"instrument_type": "digital-option", "user_balance_id": 359423713}}}, "request_id": ""}
2020-07-11 18:21:51,078,78 iqoptionapi.api DEBUG {"name": "subscribeMessage", "msg": {"name": "portfolio.position-changed", "version": "2.0", "params": {"routingFilters": {"instrument_type": "turbo-option", "user_balance_id": 359423713}}}, "request_id": ""}
2020-07-11 18:21:51,078,78 iqoptionapi.api DEBUG {"name": "subscribeMessage", "msg": {"name": "portfolio.position-changed", "version": "2.0", "params": {"routingFilters": {"instrument_type": "binary-option", "user_balance_id": 359423713}}}, "request_id": ""}
2020-07-11 18:21:51,078,78 iqoptionapi.api DEBUG {"name": "subscribeMessage", "msg": {"name": "portfolio.order-changed", "version": "1.0", "params": {"routingFilters": {"instrument_type": "cfd"}}}, "request_id": ""}
2020-07-11 18:21:51,078,78 iqoptionapi.api DEBUG {"name": "subscribeMessage", "msg": {"name": "portfolio.order-changed", "version": "1.0", "params": {"routingFilters": {"instrument_type": "forex"}}}, "request_id": ""}
2020-07-11 18:21:51,078,78 iqoptionapi.api DEBUG {"name": "subscribeMessage", "msg": {"name": "portfolio.order-changed", "version": "1.0", "params": {"routingFilters": {"instrument_type": "crypto"}}}, "request_id": ""}
2020-07-11 18:21:51,078,78 iqoptionapi.api DEBUG {"name": "subscribeMessage", "msg": {"name": "portfolio.order-changed", "version": "1.0", "params": {"routingFilters": {"instrument_type": "digital-option"}}}, "request_id": ""}
2020-07-11 18:21:51,078,78 iqoptionapi.api DEBUG {"name": "subscribeMessage", "msg": {"name": "portfolio.order-changed", "version": "1.0", "params": {"routingFilters": {"instrument_type": "turbo-option"}}}, "request_id": ""}
2020-07-11 18:21:51,078,78 iqoptionapi.api DEBUG {"name": "subscribeMessage", "msg": {"name": "portfolio.order-changed", "version": "1.0", "params": {"routingFilters": {"instrument_type": "binary-option"}}}, "request_id": ""}
2020-07-11 18:21:51,078,78 iqoptionapi.api DEBUG {"name": "setOptions", "msg": {"sendResults": true}, "request_id": "1"}
2020-07-11 18:21:51,078,78 iqoptionapi.api DEBUG {"name": "sendMessage", "msg": {"name": "get-balances", "version": "1.0"}, "request_id": 78371}
2020-07-11 18:21:51,406,406 iqoptionapi.ws.client DEBUG {"name":"result","request_id":"1","msg":{"success":true}}
2020-07-11 18:21:51,421,421 iqoptionapi.ws.client DEBUG {"name":"result","request_id":"","msg":{"success":true}}
2020-07-11 18:21:51,437,437 iqoptionapi.ws.client DEBUG {"request_id":"","name":"balances","msg":[{"id":359423712,"user_id":73193083,"type":1,"amount":0,"enrolled_amount":0,"enrolled_sum_amount":0,"hold_amount":0,"orders_amount":0,"auth_amount":0,"equivalent":0,"currency":"USD","tournament_id":null,"tournament_name":null,"is_fiat":true,"is_marginal":false,"has_deposits":false}, {"id":359423713,"user_id":73193083,"type":4,"amount":10000,"enrolled_amount":10000,"enrolled_sum_amount":10000,"hold_amount":0,"orders_amount":0,"auth_amount":0,"equivalent":0,"currency":"USD","tournament_id":null,"tournament_name":null,"is_fiat":true,"is_marginal":false,"has_deposits":false}, {"id":359423714,"user_id":73193083,"type":5,"amount":0,"enrolled_amount":0,"enrolled_sum_amount":0,"hold_amount":0,"orders_amount":0,"auth_amount":0,"equivalent":0,"currency":"BTC","tournament_id":null,"tournament_name":null,"is_fiat":false,"is_marginal":false,"has_deposits":false}, {"id":359423715,"user_id":73193083,"type":5,"amount":0,"enrolled_amount":0,"enrolled_sum_amount":0,"hold_amount":0,"orders_amount":0,"auth_amount":0,"equivalent":0,"currency":"ETH","tournament_id":null,"tournament_name":null,"is_fiat":false,"is_marginal":false,"has_deposits":false}],"status":0}
2020-07-11 18:21:51,437,437 iqoptionapi.api DEBUG {"name": "sendMessage", "msg": {"name": "get-balances", "version": "1.0"}, "request_id": 4373071}
2020-07-11 18:21:51,765,765 iqoptionapi.ws.client DEBUG {"name":"result","request_id":"","msg":{"success":true}}
2020-07-11 18:21:51,780,780 iqoptionapi.ws.client DEBUG {"request_id":"","name":"balances","msg":[{"id":359423712,"user_id":73193083,"type":1,"amount":0,"enrolled_amount":0,"enrolled_sum_amount":0,"hold_amount":0,"orders_amount":0,"auth_amount":0,"equivalent":0,"currency":"USD","tournament_id":null,"tournament_name":null,"is_fiat":true,"is_marginal":false,"has_deposits":false}, {"id":359423713,"user_id":73193083,"type":4,"amount":10000,"enrolled_amount":10000,"enrolled_sum_amount":10000,"hold_amount":0,"orders_amount":0,"auth_amount":0,"equivalent":0,"currency":"USD","tournament_id":null,"tournament_name":null,"is_fiat":true,"is_marginal":false,"has_deposits":false}, {"id":359423714,"user_id":73193083,"type":5,"amount":0,"enrolled_amount":0,"enrolled_sum_amount":0,"hold_amount":0,"orders_amount":0,"auth_amount":0,"equivalent":0,"currency":"BTC","tournament_id":null,"tournament_name":null,"is_fiat":false,"is_marginal":false,"has_deposits":false}, {"id":359423715,"user_id":73193083,"type":5,"amount":0,"enrolled_amount":0,"enrolled_sum_amount":0,"hold_amount":0,"orders_amount":0,"auth_amount":0,"equivalent":0,"currency":"ETH","tournament_id":null,"tournament_name":null,"is_fiat":false,"is_marginal":false,"has_deposits":false}],"status":0}
2020-07-11 18:21:52,078,78 iqoptionapi.ws.client DEBUG {"name":"timeSync","msg":1594462912171}
2020-07-11 18:21:52,969,969 iqoptionapi.ws.client DEBUG {"name":"timeSync","msg":1594462913189}
2020-07-11 18:21:53,984,984 iqoptionapi.ws.client DEBUG {"name":"timeSync","msg":1594462914203}
2020-07-11 18:21:55,002,2 iqoptionapi.ws.client DEBUG {"name":"timeSync","msg":1594462915217}
2020-07-11 18:21:56,017,17 iqoptionapi.ws.client DEBUG {"name":"timeSync","msg":1594462916236}
2020-07-11 18:21:57,048,48 iqoptionapi.ws.client DEBUG {"name":"timeSync","msg":1594462917249}
2020-07-11 18:21:58,048,48 iqoptionapi.ws.client DEBUG {"name":"timeSync","msg":1594462918269}
2020-07-11 18:21:59,063,63 iqoptionapi.ws.client DEBUG {"name":"timeSync","msg":1594462919284}
2020-07-11 18:22:00,079,79 iqoptionapi.ws.client DEBUG {"name":"timeSync","msg":1594462920297}
2020-07-11 18:22:00,079,79 iqoptionapi.ws.client DEBUG {"name":"heartbeat","msg":1594462920297}
2020-07-11 18:22:01,094,94 iqoptionapi.ws.client DEBUG {"name":"timeSync","msg":1594462921314}
2020-07-11 18:22:02,108,108 iqoptionapi.ws.client DEBUG {"name":"timeSync","msg":1594462922332}
2020-07-11 18:22:03,123,123 iqoptionapi.ws.client DEBUG {"name":"timeSync","msg":1594462923351}
2020-07-11 18:22:04,151,151 iqoptionapi.ws.client DEBUG {"name":"timeSync","msg":1594462924367}
2020-07-11 18:22:04,742,742 iqoptionapi.api DEBUG {"name": "sendMessage", "msg": {"name": "reset-training-balance", "version": "2.0"}, "request_id": ""}
2020-07-11 18:22:05,038,38 iqoptionapi.ws.client DEBUG {"name":"result","request_id":"","msg":{"success":true}}
2020-07-11 18:22:05,069,69 iqoptionapi.ws.client DEBUG {"request_id":"","name":"training-balance-reset","msg":{"isSuccessful":false,"message":"User balance equals or exceeds a desired amount"},"status":2000}
2020-07-11 18:22:05,069,69 iqoptionapi.api DEBUG {"name": "sendMessage", "msg": {"name": "get-balances", "version": "1.0"}, "request_id": 697937}
2020-07-11 18:22:05,179,179 iqoptionapi.ws.client DEBUG {"name":"timeSync","msg":1594462925381}
2020-07-11 18:22:05,382,382 iqoptionapi.ws.client DEBUG {"name":"result","request_id":"","msg":{"success":true}}
2020-07-11 18:22:05,429,429 iqoptionapi.ws.client DEBUG {"request_id":"","name":"balances","msg":[{"id":359423712,"user_id":73193083,"type":1,"amount":0,"enrolled_amount":0,"enrolled_sum_amount":0,"hold_amount":0,"orders_amount":0,"auth_amount":0,"equivalent":0,"currency":"USD","tournament_id":null,"tournament_name":null,"is_fiat":true,"is_marginal":false,"has_deposits":false}, {"id":359423713,"user_id":73193083,"type":4,"amount":10000,"enrolled_amount":10000,"enrolled_sum_amount":10000,"hold_amount":0,"orders_amount":0,"auth_amount":0,"equivalent":0,"currency":"USD","tournament_id":null,"tournament_name":null,"is_fiat":true,"is_marginal":false,"has_deposits":false}, {"id":359423714,"user_id":73193083,"type":5,"amount":0,"enrolled_amount":0,"enrolled_sum_amount":0,"hold_amount":0,"orders_amount":0,"auth_amount":0,"equivalent":0,"currency":"BTC","tournament_id":null,"tournament_name":null,"is_fiat":false,"is_marginal":false,"has_deposits":false}, {"id":359423715,"user_id":73193083,"type":5,"amount":0,"enrolled_amount":0,"enrolled_sum_amount":0,"hold_amount":0,"orders_amount":0,"auth_amount":0,"equivalent":0,"currency":"ETH","tournament_id":null,"tournament_name":null,"is_fiat":false,"is_marginal":false,"has_deposits":false}],"status":0}
2020-07-11 18:22:06,187,187 iqoptionapi.ws.client DEBUG {"name":"timeSync","msg":1594462926397}
2020-07-11 18:22:07,193,193 iqoptionapi.ws.client DEBUG {"name":"timeSync","msg":1594462927412}
2020-07-11 18:22:08,215,215 iqoptionapi.ws.client DEBUG {"name":"timeSync","msg":1594462928432}
2020-07-11 18:22:09,235,235 iqoptionapi.ws.client DEBUG {"name":"timeSync","msg":1594462929454}
2020-07-11 18:22:10,253,253 iqoptionapi.ws.client DEBUG {"name":"timeSync","msg":1594462930470}
2020-07-11 18:22:10,253,253 iqoptionapi.ws.client DEBUG {"name":"heartbeat","msg":1594462930470}
2020-07-11 18:22:11,269,269 iqoptionapi.ws.client DEBUG {"name":"timeSync","msg":1594462931485}
2020-07-11 18:22:12,284,284 iqoptionapi.ws.client DEBUG {"name":"timeSync","msg":1594462932500}
2020-07-11 18:22:13,300,300 iqoptionapi.ws.client DEBUG {"name":"timeSync","msg":1594462933519}
2020-07-11 18:22:14,315,315 iqoptionapi.ws.client DEBUG {"name":"timeSync","msg":1594462934539}
2020-07-11 18:22:15,330,330 iqoptionapi.ws.client DEBUG {"name":"timeSync","msg":1594462935554}
2020-07-11 18:22:16,346,346 iqoptionapi.ws.client DEBUG {"name":"timeSync","msg":1594462936569}
2020-07-11 18:22:17,357,357 iqoptionapi.ws.client DEBUG {"name":"timeSync","msg":1594462937583}
2020-07-11 18:22:17,436,436 iqoptionapi.api DEBUG POST: https://auth.iqoption.com/api/v1.0/logout headers: {'User-Agent': 'Mozilla/5.0 (X11; Linux x86_64; rv:70.0 Gecko/20100101 Firefox/70.0', 'Accept-Encoding': 'gzip, deflate', 'Accept': '*/*', 'Connection': 'keep-alive'} cookies: {'Plutus': 'GOOD', 'ssid': 'db627bb78414bffb4741d12620bf0e65'}
2020-07-11 18:22:17,732,732 urllib3.connectionpool DEBUG https://auth.iqoption.com:443 "POST /api/v1.0/logout HTTP/1.1" 200 52
2020-07-11 18:22:17,732,732 iqoptionapi.api DEBUG <Response [200]>
2020-07-11 18:22:17,732,732 iqoptionapi.api DEBUG {"data":{"ssid":"db627bb78414bffb4741d12620bf0e65"}}
2020-07-11 18:22:17,732,732 iqoptionapi.api DEBUG {'Server': 'nginx', 'Date': 'Sat, 11 Jul 2020 10:22:17 GMT', 'Content-Type': 'application/json; charset=utf-8', 'Content-Length': '52', 'Connection': 'keep-alive', 'Set-Cookie': 'ssid=db627bb78414bffb4741d12620bf0e65; Path=/; Domain=iqoption.com; Max-Age=0; Secure; SameSite=None', 'Vary': 'Origin', 'X-Tracing-Key': '85be0978-4fa9-48c9-8744-dd2503e16d2b', 'Strict-Transport-Security': 'max-age=15555600', 'X-Content-Type-Options': 'nosniff'}
2020-07-11 18:22:17,732,732 iqoptionapi.api DEBUG <RequestsCookieJar[]>
