2020-07-11 18:18:29,779,779 iqoptionapi.ws.client DEBUG Websocket client connected.
2020-07-11 18:18:29,794,794 iqoptionapi.api DEBUG POST: https://auth.iqoption.com/api/v2/login headers: {'User-Agent': 'Mozilla/5.0 (X11; Linux x86_64; rv:70.0 Gecko/20100101 Firefox/70.0', 'Accept-Encoding': 'gzip, deflate', 'Accept': '*/*', 'Connection': 'keep-alive'} cookies: {'Plutus': 'GOOD'}
2020-07-11 18:18:29,794,794 urllib3.connectionpool DEBUG Starting new HTTPS connection (1): auth.iqoption.com:443
2020-07-11 18:18:30,217,217 iqoptionapi.ws.client DEBUG {"name":"timeSync","msg":1594462710436}
2020-07-11 18:18:30,217,217 iqoptionapi.ws.client DEBUG {"name":"heartbeat","msg":1594462710436}
2020-07-11 18:18:31,013,13 urllib3.connectionpool DEBUG https://auth.iqoption.com:443 "POST /api/v2/login HTTP/1.1" 200 60
2020-07-11 18:18:31,013,13 iqoptionapi.api DEBUG <Response [200]>
2020-07-11 18:18:31,013,13 iqoptionapi.api DEBUG {"code":"success","ssid":"4d82aa1b079d75f030116b800783b721"}
2020-07-11 18:18:31,013,13 iqoptionapi.api DEBUG {'Server': 'nginx', 'Date': 'Sat, 11 Jul 2020 10:18:31 GMT', 'Content-Type': 'application/json; charset=utf-8', 'Content-Length': '60', 'Connection': 'keep-alive', 'Set-Cookie': 'ssid=4d82aa1b079d75f030116b800783b721; Path=/; Domain=iqoption.com; Max-Age=2592000; Secure; SameSite=None', 'Vary': 'Origin', 'X-Tracing-Key': '1037c23a-1f4f-4284-a038-fd5ed32cb4a1', 'Strict-Transport-Security': 'max-age=15555600', 'X-Content-Type-Options': 'nosniff'}
2020-07-11 18:18:31,013,13 iqoptionapi.api DEBUG <RequestsCookieJar[<Cookie ssid=4d82aa1b079d75f030116b800783b721 for .iqoption.com/>]>
2020-07-11 18:18:31,013,13 iqoptionapi.api DEBUG {"name": "ssid", "msg": "4d82aa1b079d75f030116b800783b721", "request_id": 138142}
2020-07-11 18:18:31,247,247 iqoptionapi.ws.client DEBUG {"name":"timeSync","msg":1594462711451}
2020-07-11 18:18:31,403,403 iqoptionapi.ws.client DEBUG {"name":"profile","msg":{"account_status":"NONE","address":"Roxas Ave, Diliman, Quezon City, Metro Manila","auth_two_factor":null,"avatar":"","balance":0.0,"balance_id":359423712,"balance_type":1,"balances":[{"id":359423712,"user_id":73193083,"type":1,"amount":0,"enrolled_amount":0,"enrolled_sum_amount":0,"hold_amount":0,"orders_amount":0,"auth_amount":0,"equivalent":0,"currency":"USD","tournament_id":null,"tournament_name":null,"is_fiat":true,"is_marginal":false,"has_deposits":false},{"id":359423713,"user_id":73193083,"type":4,"amount":10000,"enrolled_amount":10000,"enrolled_sum_amount":10000,"hold_amount":0,"orders_amount":0,"auth_amount":0,"equivalent":0,"currency":"USD","tournament_id":null,"tournament_name":null,"is_fiat":true,"is_marginal":false,"has_deposits":false},{"id":359423714,"user_id":73193083,"type":5,"amount":0,"enrolled_amount":0,"enrolled_sum_amount":0,"hold_amount":0,"orders_amount":0,"auth_amount":0,"equivalent":0,"currency":"BTC","tournament_id":null,"tournament_name":null,"is_fiat":false,"is_marginal":false,"has_deposits":false},{"id":359423715,"user_id":73193083,"type":5,"amount":0,"enrolled_amount":0,"enrolled_sum_amount":0,"hold_amount":0,"orders_amount":0,"auth_amount":0,"equivalent":0,"currency":"ETH","tournament_id":null,"tournament_name":null,"is_fiat":false,"is_marginal":false,"has_deposits":false}],"birthdate":991886400,"bonus_total_wager":0,"bonus_wager":0,"cashback_level_info":{"enabled":false},"city":"Quezon","client_category_id":1,"confirmation_required":0,"confirmed_phones":["63 *****36284"],"country_id":157,"created":1593926317,"currency":"USD","currency_char":"$","currency_id":5,"demo":0,"deposit_count":0,"deposit_in_one_click":false,"email":"earnmoneyonline.a01@gmail.com","finance_state":"","first_name":"Maggie","flag":"PH","forget_status":{"status":"none","created":null,"expires":null},"functions":[],"gender":"female","group_id":191,"id":73193083,"infeed":1,"is_activated":true,"is_islamic":false,"is_vip_group":false,"kyc":{"status":1,"isPhoneFilled":false,"isPhoneNeeded":false,"isProfileFilled":false,"isProfileNeeded":false,"isRegulatedUser":false,"daysLeftToVerify":-1,"isPhoneConfirmed":false,"isDocumentsNeeded":false,"isDocumentsApproved":false,"isDocumentsDeclined":false,"isDocumentsUploaded":false,"isDocumentPoaUploaded":false,"isDocumentPoiUploaded":false,"isDocumentsUploadSkipped":false,"isPhoneConfirmationSkipped":false},"kyc_confirmed":false,"last_name":"Debora","last_visit":false,"locale":"en_US","mask":"$%s","messages":0,"money":{"deposit":{"min":0,"max":0},"withdraw":{"min":0,"max":0}},"name":"Maggie Debora","nationality":"Philippines","need_phone_confirmation":false,"new_email":"","nickname":"Carter Mitchell","personal_data_policy":{"is_call_accepted":{"status":true},"is_push_accepted":{"status":true},"is_email_accepted":{"status":true},"is_agreement_accepted":{"status":true},"is_thirdparty_accepted":{"status":true}},"phone":"63 *****36284","popup":[],"postal_index":"1101","public":0,"rate_in_one_click":false,"site_id":1,"skey":"5d67c5cce05fb0317cff7ed07e8483c5","socials":{},"ssid":false,"tc":true,"timediff":-3600,"tin":"","tournaments_ids":null,"trade_restricted":false,"trial":false,"tz":"Europe/Malta","tz_offset":120,"user_circle":null,"user_group":"ACO_Default","user_id":73193083,"welcome_splash":0},"request_id":""}
2020-07-11 18:18:31,419,419 iqoptionapi.ws.client DEBUG {"name":"front","msg":"ws10b"}
2020-07-11 18:18:32,247,247 iqoptionapi.ws.client DEBUG {"name":"timeSync","msg":1594462712471}
2020-07-11 18:18:32,435,435 iqoptionapi.api DEBUG {"name": "subscribeMessage", "msg": {"name": "portfolio.position-changed", "version": "2.0", "params": {"routingFilters": {"instrument_type": "cfd", "user_balance_id": 359423713}}}, "request_id": ""}
2020-07-11 18:18:32,435,435 iqoptionapi.api DEBUG {"name": "subscribeMessage", "msg": {"name": "portfolio.position-changed", "version": "2.0", "params": {"routingFilters": {"instrument_type": "forex", "user_balance_id": 359423713}}}, "request_id": ""}
2020-07-11 18:18:32,435,435 iqoptionapi.api DEBUG {"name": "subscribeMessage", "msg": {"name": "portfolio.position-changed", "version": "2.0", "params": {"routingFilters": {"instrument_type": "crypto", "user_balance_id": 359423713}}}, "request_id": ""}
2020-07-11 18:18:32,435,435 iqoptionapi.api DEBUG {"name": "subscribeMessage", "msg": {"name": "portfolio.position-changed", "version": "2.0", "params": {"routingFilters": {"instrument_type": "digital-option", "user_balance_id": 359423713}}}, "request_id": ""}
2020-07-11 18:18:32,435,435 iqoptionapi.api DEBUG {"name": "subscribeMessage", "msg": {"name": "portfolio.position-changed", "version": "2.0", "params": {"routingFilters": {"instrument_type": "turbo-option", "user_balance_id": 359423713}}}, "request_id": ""}
2020-07-11 18:18:32,435,435 iqoptionapi.api DEBUG {"name": "subscribeMessage", "msg": {"name": "portfolio.position-changed", "version": "2.0", "params": {"routingFilters": {"instrument_type": "binary-option", "user_balance_id": 359423713}}}, "request_id": ""}
2020-07-11 18:18:32,435,435 iqoptionapi.api DEBUG {"name": "subscribeMessage", "msg": {"name": "portfolio.order-changed", "version": "1.0", "params": {"routingFilters": {"instrument_type": "cfd"}}}, "request_id": ""}
2020-07-11 18:18:32,435,435 iqoptionapi.api DEBUG {"name": "subscribeMessage", "msg": {"name": "portfolio.order-changed", "version": "1.0", "params": {"routingFilters": {"instrument_type": "forex"}}}, "request_id": ""}
2020-07-11 18:18:32,435,435 iqoptionapi.api DEBUG {"name": "subscribeMessage", "msg": {"name": "portfolio.order-changed", "version": "1.0", "params": {"routingFilters": {"instrument_type": "crypto"}}}, "request_id": ""}
2020-07-11 18:18:32,435,435 iqoptionapi.api DEBUG {"name": "subscribeMessage", "msg": {"name": "portfolio.order-changed", "version": "1.0", "params": {"routingFilters": {"instrument_type": "digital-option"}}}, "request_id": ""}
2020-07-11 18:18:32,435,435 iqoptionapi.api DEBUG {"name": "subscribeMessage", "msg": {"name": "portfolio.order-changed", "version": "1.0", "params": {"routingFilters": {"instrument_type": "turbo-option"}}}, "request_id": ""}
2020-07-11 18:18:32,435,435 iqoptionapi.api DEBUG {"name": "subscribeMessage", "msg": {"name": "portfolio.order-changed", "version": "1.0", "params": {"routingFilters": {"instrument_type": "binary-option"}}}, "request_id": ""}
2020-07-11 18:18:32,435,435 iqoptionapi.api DEBUG {"name": "setOptions", "msg": {"sendResults": true}, "request_id": "1"}
2020-07-11 18:18:32,435,435 iqoptionapi.api DEBUG {"name": "sendMessage", "msg": {"name": "get-balances", "version": "1.0"}, "request_id": 435338}
2020-07-11 18:18:32,747,747 iqoptionapi.ws.client DEBUG {"name":"result","request_id":"1","msg":{"success":true}}
2020-07-11 18:18:32,762,762 iqoptionapi.ws.client DEBUG {"name":"result","request_id":"","msg":{"success":true}}
2020-07-11 18:18:32,778,778 iqoptionapi.ws.client DEBUG {"request_id":"","name":"balances","msg":[{"id":359423712,"user_id":73193083,"type":1,"amount":0,"enrolled_amount":0,"enrolled_sum_amount":0,"hold_amount":0,"orders_amount":0,"auth_amount":0,"equivalent":0,"currency":"USD","tournament_id":null,"tournament_name":null,"is_fiat":true,"is_marginal":false,"has_deposits":false}, {"id":359423713,"user_id":73193083,"type":4,"amount":10000,"enrolled_amount":10000,"enrolled_sum_amount":10000,"hold_amount":0,"orders_amount":0,"auth_amount":0,"equivalent":0,"currency":"USD","tournament_id":null,"tournament_name":null,"is_fiat":true,"is_marginal":false,"has_deposits":false}, {"id":359423714,"user_id":73193083,"type":5,"amount":0,"enrolled_amount":0,"enrolled_sum_amount":0,"hold_amount":0,"orders_amount":0,"auth_amount":0,"equivalent":0,"currency":"BTC","tournament_id":null,"tournament_name":null,"is_fiat":false,"is_marginal":false,"has_deposits":false}, {"id":359423715,"user_id":73193083,"type":5,"amount":0,"enrolled_amount":0,"enrolled_sum_amount":0,"hold_amount":0,"orders_amount":0,"auth_amount":0,"equivalent":0,"currency":"ETH","tournament_id":null,"tournament_name":null,"is_fiat":false,"is_marginal":false,"has_deposits":false}],"status":0}
2020-07-11 18:18:32,778,778 iqoptionapi.api DEBUG {"name": "sendMessage", "msg": {"name": "get-balances", "version": "1.0"}, "request_id": 7786546}
2020-07-11 18:18:33,091,91 iqoptionapi.ws.client DEBUG {"name":"result","request_id":"","msg":{"success":true}}
2020-07-11 18:18:33,153,153 iqoptionapi.ws.client DEBUG {"request_id":"","name":"balances","msg":[{"id":359423712,"user_id":73193083,"type":1,"amount":0,"enrolled_amount":0,"enrolled_sum_amount":0,"hold_amount":0,"orders_amount":0,"auth_amount":0,"equivalent":0,"currency":"USD","tournament_id":null,"tournament_name":null,"is_fiat":true,"is_marginal":false,"has_deposits":false}, {"id":359423713,"user_id":73193083,"type":4,"amount":10000,"enrolled_amount":10000,"enrolled_sum_amount":10000,"hold_amount":0,"orders_amount":0,"auth_amount":0,"equivalent":0,"currency":"USD","tournament_id":null,"tournament_name":null,"is_fiat":true,"is_marginal":false,"has_deposits":false}, {"id":359423714,"user_id":73193083,"type":5,"amount":0,"enrolled_amount":0,"enrolled_sum_amount":0,"hold_amount":0,"orders_amount":0,"auth_amount":0,"equivalent":0,"currency":"BTC","tournament_id":null,"tournament_name":null,"is_fiat":false,"is_marginal":false,"has_deposits":false}, {"id":359423715,"user_id":73193083,"type":5,"amount":0,"enrolled_amount":0,"enrolled_sum_amount":0,"hold_amount":0,"orders_amount":0,"auth_amount":0,"equivalent":0,"currency":"ETH","tournament_id":null,"tournament_name":null,"is_fiat":false,"is_marginal":false,"has_deposits":false}],"status":0}
2020-07-11 18:18:33,468,468 iqoptionapi.ws.client DEBUG {"name":"timeSync","msg":1594462713486}
2020-07-11 18:18:34,281,281 iqoptionapi.ws.client DEBUG {"name":"timeSync","msg":1594462714501}
2020-07-11 18:18:35,289,289 iqoptionapi.ws.client DEBUG {"name":"timeSync","msg":1594462715518}
2020-07-11 18:18:36,317,317 iqoptionapi.ws.client DEBUG {"name":"timeSync","msg":1594462716532}
2020-07-11 18:18:36,588,588 iqoptionapi.api DEBUG {"name": "sendMessage", "msg": {"name": "reset-training-balance", "version": "2.0"}, "request_id": ""}
2020-07-11 18:18:36,891,891 iqoptionapi.ws.client DEBUG {"name":"result","request_id":"","msg":{"success":true}}
2020-07-11 18:18:36,897,897 iqoptionapi.ws.client DEBUG {"request_id":"","name":"training-balance-reset","msg":{"isSuccessful":false,"message":"User balance equals or exceeds a desired amount"},"status":2000}
2020-07-11 18:18:36,897,897 iqoptionapi.api DEBUG {"name": "sendMessage", "msg": {"name": "get-balances", "version": "1.0"}, "request_id": 8976035}
2020-07-11 18:18:37,196,196 iqoptionapi.ws.client DEBUG {"name":"result","request_id":"","msg":{"success":true}}
2020-07-11 18:18:37,243,243 iqoptionapi.ws.client DEBUG {"request_id":"","name":"balances","msg":[{"id":359423712,"user_id":73193083,"type":1,"amount":0,"enrolled_amount":0,"enrolled_sum_amount":0,"hold_amount":0,"orders_amount":0,"auth_amount":0,"equivalent":0,"currency":"USD","tournament_id":null,"tournament_name":null,"is_fiat":true,"is_marginal":false,"has_deposits":false}, {"id":359423713,"user_id":73193083,"type":4,"amount":10000,"enrolled_amount":10000,"enrolled_sum_amount":10000,"hold_amount":0,"orders_amount":0,"auth_amount":0,"equivalent":0,"currency":"USD","tournament_id":null,"tournament_name":null,"is_fiat":true,"is_marginal":false,"has_deposits":false}, {"id":359423714,"user_id":73193083,"type":5,"amount":0,"enrolled_amount":0,"enrolled_sum_amount":0,"hold_amount":0,"orders_amount":0,"auth_amount":0,"equivalent":0,"currency":"BTC","tournament_id":null,"tournament_name":null,"is_fiat":false,"is_marginal":false,"has_deposits":false}, {"id":359423715,"user_id":73193083,"type":5,"amount":0,"enrolled_amount":0,"enrolled_sum_amount":0,"hold_amount":0,"orders_amount":0,"auth_amount":0,"equivalent":0,"currency":"ETH","tournament_id":null,"tournament_name":null,"is_fiat":false,"is_marginal":false,"has_deposits":false}],"status":0}
2020-07-11 18:18:37,328,328 iqoptionapi.ws.client DEBUG {"name":"timeSync","msg":1594462717546}
2020-07-11 18:18:38,334,334 iqoptionapi.ws.client DEBUG {"name":"timeSync","msg":1594462718560}
2020-07-11 18:18:39,357,357 iqoptionapi.ws.client DEBUG {"name":"timeSync","msg":1594462719577}
2020-07-11 18:18:39,435,435 iqoptionapi.api DEBUG POST: https://auth.iqoption.com/api/v1.0/logout headers: {'User-Agent': 'Mozilla/5.0 (X11; Linux x86_64; rv:70.0 Gecko/20100101 Firefox/70.0', 'Accept-Encoding': 'gzip, deflate', 'Accept': '*/*', 'Connection': 'keep-alive'} cookies: {'Plutus': 'GOOD', 'ssid': '4d82aa1b079d75f030116b800783b721'}
2020-07-11 18:18:39,732,732 urllib3.connectionpool DEBUG https://auth.iqoption.com:443 "POST /api/v1.0/logout HTTP/1.1" 200 52
2020-07-11 18:18:39,732,732 iqoptionapi.api DEBUG <Response [200]>
2020-07-11 18:18:39,732,732 iqoptionapi.api DEBUG {"data":{"ssid":"4d82aa1b079d75f030116b800783b721"}}
2020-07-11 18:18:39,732,732 iqoptionapi.api DEBUG {'Server': 'nginx', 'Date': 'Sat, 11 Jul 2020 10:18:39 GMT', 'Content-Type': 'application/json; charset=utf-8', 'Content-Length': '52', 'Connection': 'keep-alive', 'Set-Cookie': 'ssid=4d82aa1b079d75f030116b800783b721; Path=/; Domain=iqoption.com; Max-Age=0; Secure; SameSite=None', 'Vary': 'Origin', 'X-Tracing-Key': '332ce4d7-f621-4a67-b622-4f9ed7d76d50', 'Strict-Transport-Security': 'max-age=15555600', 'X-Content-Type-Options': 'nosniff'}
2020-07-11 18:18:39,732,732 iqoptionapi.api DEBUG <RequestsCookieJar[]>
